Feb 20 02:20:02 Installed: libgcc-4.8.5-16.el7_4.1.x86_64
Feb 20 02:20:02 Installed: centos-release-7-4.1708.el7.centos.x86_64
Feb 20 02:20:02 Installed: setup-2.8.71-7.el7.noarch
Feb 20 02:20:03 Installed: filesystem-3.2-21.el7.x86_64
Feb 20 02:20:03 Installed: basesystem-10.0-7.el7.centos.noarch
Feb 20 02:20:03 Installed: ncurses-base-5.9-14.20130511.el7_4.noarch
Feb 20 02:20:03 Installed: 32:bind-license-9.9.4-51.el7_4.2.noarch
Feb 20 02:20:03 Installed: tzdata-2018c-1.el7.noarch
Feb 20 02:20:03 Installed: nss-softokn-freebl-3.28.3-8.el7_4.x86_64
Feb 20 02:20:06 Installed: glibc-common-2.17-196.el7_4.2.x86_64
Feb 20 02:20:09 Installed: glibc-2.17-196.el7_4.2.x86_64
Feb 20 02:20:09 Installed: nspr-4.13.1-1.0.el7_3.x86_64
Feb 20 02:20:10 Installed: libstdc++-4.8.5-16.el7_4.1.x86_64
Feb 20 02:20:10 Installed: ncurses-libs-5.9-14.20130511.el7_4.x86_64
Feb 20 02:20:10 Installed: bash-4.2.46-29.el7_4.x86_64
Feb 20 02:20:11 Installed: libsepol-2.5-6.el7.x86_64
Feb 20 02:20:11 Installed: pcre-8.32-17.el7.x86_64
Feb 20 02:20:12 Installed: libselinux-2.5-11.el7.x86_64
Feb 20 02:20:12 Installed: zlib-1.2.7-17.el7.x86_64
Feb 20 02:20:13 Installed: info-5.1-4.el7.x86_64
Feb 20 02:20:13 Installed: xz-libs-5.2.2-1.el7.x86_64
Feb 20 02:20:14 Installed: bzip2-libs-1.0.6-13.el7.x86_64
Feb 20 02:20:14 Installed: popt-1.13-16.el7.x86_64
Feb 20 02:20:15 Installed: libdb-5.3.21-21.el7_4.x86_64
Feb 20 02:20:15 Installed: sed-4.2.2-5.el7.x86_64
Feb 20 02:20:16 Installed: nss-util-3.28.4-3.el7.x86_64
Feb 20 02:20:16 Installed: chkconfig-1.7.4-1.el7.x86_64
Feb 20 02:20:17 Installed: grep-2.20-3.el7.x86_64
Feb 20 02:20:17 Installed: elfutils-libelf-0.168-8.el7.x86_64
Feb 20 02:20:18 Installed: libcom_err-1.42.9-10.el7.x86_64
Feb 20 02:20:18 Installed: libgpg-error-1.12-3.el7.x86_64
Feb 20 02:20:19 Installed: libattr-2.4.46-12.el7.x86_64
Feb 20 02:20:19 Installed: libacl-2.2.51-12.el7.x86_64
Feb 20 02:20:20 Installed: libcap-2.22-9.el7.x86_64
Feb 20 02:20:20 Installed: gawk-4.0.2-4.el7_3.1.x86_64
Feb 20 02:20:21 Installed: libuuid-2.23.2-43.el7_4.2.x86_64
Feb 20 02:20:21 Installed: libgcrypt-1.5.3-14.el7.x86_64
Feb 20 02:20:22 Installed: readline-6.2-10.el7.x86_64
Feb 20 02:20:22 Installed: lua-5.1.4-15.el7.x86_64
Feb 20 02:20:22 Installed: cpio-2.11-25.el7_4.x86_64
Feb 20 02:20:23 Installed: diffutils-3.3-4.el7.x86_64
Feb 20 02:20:23 Installed: libffi-3.0.13-18.el7.x86_64
Feb 20 02:20:24 Installed: libcap-ng-0.7.5-4.el7.x86_64
Feb 20 02:20:24 Installed: audit-libs-2.7.6-3.el7.x86_64
Feb 20 02:20:25 Installed: sqlite-3.7.17-8.el7.x86_64
Feb 20 02:20:25 Installed: libxml2-2.9.1-6.el7_2.3.x86_64
Feb 20 02:20:26 Installed: 1:findutils-4.5.11-5.el7.x86_64
Feb 20 02:20:27 Installed: nss-softokn-3.28.3-8.el7_4.x86_64
Feb 20 02:20:27 Installed: p11-kit-0.23.5-3.el7.x86_64
Feb 20 02:20:28 Installed: libassuan-2.1.0-3.el7.x86_64
Feb 20 02:20:28 Installed: xz-5.2.2-1.el7.x86_64
Feb 20 02:20:28 Installed: libidn-1.28-4.el7.x86_64
Feb 20 02:20:29 Installed: file-libs-5.11-33.el7.x86_64
Feb 20 02:20:29 Installed: libnfnetlink-1.0.1-4.el7.x86_64
Feb 20 02:20:30 Installed: libmnl-1.0.3-7.el7.x86_64
Feb 20 02:20:30 Installed: hostname-3.13-3.el7.x86_64
Feb 20 02:20:30 Installed: expat-2.1.0-10.el7_3.x86_64
Feb 20 02:20:31 Installed: keyutils-libs-1.5.8-3.el7.x86_64
Feb 20 02:20:31 Installed: libnetfilter_conntrack-1.0.6-1.el7_3.x86_64
Feb 20 02:20:32 Installed: iptables-1.4.21-18.2.el7_4.x86_64
Feb 20 02:20:32 Installed: iproute-3.10.0-87.el7.x86_64
Feb 20 02:20:33 Installed: 2:tar-1.26-32.el7.x86_64
Feb 20 02:20:33 Installed: acl-2.2.51-12.el7.x86_64
Feb 20 02:20:34 Installed: pinentry-0.8.1-17.el7.x86_64
Feb 20 02:20:34 Installed: cyrus-sasl-lib-2.1.26-21.el7.x86_64
Feb 20 02:20:34 Installed: libdb-utils-5.3.21-21.el7_4.x86_64
Feb 20 02:20:35 Installed: kmod-libs-20-15.el7_4.7.x86_64
Feb 20 02:20:36 Installed: GeoIP-1.5.0-11.el7.x86_64
Feb 20 02:20:36 Installed: libselinux-utils-2.5-11.el7.x86_64
Feb 20 02:20:36 Installed: elfutils-default-yama-scope-0.168-8.el7.noarch
Feb 20 02:20:37 Installed: elfutils-libs-0.168-8.el7.x86_64
Feb 20 02:20:37 Installed: libedit-3.0-12.20121213cvs.el7.x86_64
Feb 20 02:20:37 Installed: ncurses-5.9-14.20130511.el7_4.x86_64
Feb 20 02:20:38 Installed: 1:gmp-6.0.0-15.el7.x86_64
Feb 20 02:20:38 Installed: sysvinit-tools-2.88-14.dsf.el7.x86_64
Feb 20 02:20:38 Installed: pth-2.0.7-23.el7.x86_64
Feb 20 02:20:39 Installed: ustr-1.0.4-16.el7.x86_64
Feb 20 02:20:39 Installed: libsemanage-2.5-8.el7.x86_64
Feb 20 02:20:40 Installed: libverto-0.2.5-4.el7.x86_64
Feb 20 02:20:40 Installed: libtasn1-4.10-1.el7.x86_64
Feb 20 02:20:41 Installed: p11-kit-trust-0.23.5-3.el7.x86_64
Feb 20 02:20:43 Installed: ca-certificates-2017.2.14-71.el7.noarch
Feb 20 02:20:44 Installed: coreutils-8.22-18.el7.x86_64
Feb 20 02:20:45 Installed: 1:openssl-libs-1.0.2k-8.el7.x86_64
Feb 20 02:20:46 Installed: krb5-libs-1.15.1-8.el7.x86_64
Feb 20 02:20:46 Installed: 2:shadow-utils-4.1.5.1-24.el7.x86_64
Feb 20 02:20:46 Installed: gzip-1.5-9.el7.x86_64
Feb 20 02:20:47 Installed: cracklib-2.9.0-11.el7.x86_64
Feb 20 02:20:47 Installed: libblkid-2.23.2-43.el7_4.2.x86_64
Feb 20 02:20:48 Installed: libmount-2.23.2-43.el7_4.2.x86_64
Feb 20 02:20:49 Installed: glib2-2.50.3-3.el7.x86_64
Feb 20 02:20:49 Installed: shared-mime-info-1.8-3.el7.x86_64
Feb 20 02:20:50 Installed: cracklib-dicts-2.9.0-11.el7.x86_64
Feb 20 02:20:50 Installed: libpwquality-1.2.3-4.el7.x86_64
Feb 20 02:20:51 Installed: pam-1.1.8-18.el7.x86_64
Feb 20 02:20:51 Installed: systemd-libs-219-42.el7_4.7.x86_64
Feb 20 02:20:52 Installed: procps-ng-3.3.10-16.el7.x86_64
Feb 20 02:20:52 Installed: 1:pkgconfig-0.27.1-4.el7.x86_64
Feb 20 02:20:53 Installed: libutempter-1.1.6-4.el7.x86_64
Feb 20 02:20:53 Installed: 32:bind-libs-lite-9.9.4-51.el7_4.2.x86_64
Feb 20 02:20:53 Installed: fipscheck-1.4.1-6.el7.x86_64
Feb 20 02:20:54 Installed: fipscheck-lib-1.4.1-6.el7.x86_64
Feb 20 02:20:54 Installed: libssh2-1.4.3-10.el7_2.1.x86_64
Feb 20 02:20:54 Installed: nss-pem-1.0.3-4.el7.x86_64
Feb 20 02:20:55 Installed: nss-3.28.4-15.el7_4.x86_64
Feb 20 02:20:55 Installed: nss-sysinit-3.28.4-15.el7_4.x86_64
Feb 20 02:20:55 Installed: nss-tools-3.28.4-15.el7_4.x86_64
Feb 20 02:20:56 Installed: libcurl-7.29.0-42.el7_4.1.x86_64
Feb 20 02:20:56 Installed: curl-7.29.0-42.el7_4.1.x86_64
Feb 20 02:20:56 Installed: rpm-libs-4.11.3-25.el7.x86_64
Feb 20 02:20:56 Installed: rpm-4.11.3-25.el7.x86_64
Feb 20 02:20:57 Installed: openldap-2.4.44-5.el7.x86_64
Feb 20 02:20:58 Installed: libuser-0.60-7.el7_1.x86_64
Feb 20 02:20:58 Installed: util-linux-2.23.2-43.el7_4.2.x86_64
Feb 20 02:20:59 Installed: openssh-7.4p1-13.el7_4.x86_64
Feb 20 02:21:00 Installed: gnupg2-2.0.22-4.el7.x86_64
Feb 20 02:21:00 Installed: 12:dhcp-libs-4.2.5-58.el7.centos.1.x86_64
Feb 20 02:21:00 Installed: 12:dhcp-common-4.2.5-58.el7.centos.1.x86_64
Feb 20 02:21:01 Installed: rpm-build-libs-4.11.3-25.el7.x86_64
Feb 20 02:21:01 Installed: gpgme-1.3.2-5.el7.x86_64
Feb 20 02:21:02 Installed: logrotate-3.8.6-14.el7.x86_64
Feb 20 02:21:03 Installed: binutils-2.25.1-32.base.el7_4.2.x86_64
Feb 20 02:21:03 Installed: 1:hardlink-1.0-19.el7.x86_64
Feb 20 02:21:04 Installed: tcp_wrappers-libs-7.6-77.el7.x86_64
Feb 20 02:21:04 Installed: qrencode-libs-3.4.1-3.el7.x86_64
Feb 20 02:21:05 Installed: gdbm-1.10-8.el7.x86_64
Feb 20 02:21:06 Installed: python-libs-2.7.5-58.el7.x86_64
Feb 20 02:21:06 Installed: python-2.7.5-58.el7.x86_64
Feb 20 02:21:06 Installed: pygpgme-0.3-9.el7.x86_64
Feb 20 02:21:06 Installed: python-iniparse-0.4-9.el7.noarch
Feb 20 02:21:06 Installed: rpm-python-4.11.3-25.el7.x86_64
Feb 20 02:21:06 Installed: pyliblzma-0.5.3-11.el7.x86_64
Feb 20 02:21:06 Installed: yum-metadata-parser-1.1.4-10.el7.x86_64
Feb 20 02:21:06 Installed: python-pycurl-7.19.0-19.el7.x86_64
Feb 20 02:21:06 Installed: python-urlgrabber-3.10-8.el7.noarch
Feb 20 02:21:06 Installed: pyxattr-0.5.1-5.el7.x86_64
Feb 20 02:21:06 Installed: yum-plugin-fastestmirror-1.1.31-42.el7.noarch
Feb 20 02:21:07 Installed: yum-3.4.3-154.el7.centos.1.noarch
Feb 20 02:21:07 Installed: libestr-0.1.9-2.el7.x86_64
Feb 20 02:21:08 Installed: libfastjson-0.99.4-2.el7.x86_64
Feb 20 02:21:08 Installed: 1:dbus-libs-1.6.12-17.el7.x86_64
Feb 20 02:21:08 Installed: kpartx-0.4.9-111.el7_4.2.x86_64
Feb 20 02:21:09 Installed: 7:device-mapper-1.02.140-8.el7.x86_64
Feb 20 02:21:09 Installed: 7:device-mapper-libs-1.02.140-8.el7.x86_64
Feb 20 02:21:10 Installed: cryptsetup-libs-1.7.4-3.el7_4.1.x86_64
Feb 20 02:21:10 Installed: dracut-033-502.el7_4.1.x86_64
Feb 20 02:21:10 Installed: kmod-20-15.el7_4.7.x86_64
Feb 20 02:21:12 Installed: systemd-219-42.el7_4.7.x86_64
Feb 20 02:21:12 Installed: 1:dbus-1.6.12-17.el7.x86_64
Feb 20 02:21:13 Installed: iputils-20160308-10.el7.x86_64
Feb 20 02:21:13 Installed: crontabs-1.11-6.20121102git.el7.noarch
Feb 20 02:21:13 Installed: cronie-noanacron-1.4.11-17.el7.x86_64
Feb 20 02:21:14 Installed: cronie-1.4.11-17.el7.x86_64
Feb 20 02:21:15 Installed: initscripts-9.49.39-1.el7_4.1.x86_64
Feb 20 02:21:15 Installed: 12:dhclient-4.2.5-58.el7.centos.1.x86_64
Feb 20 02:21:16 Installed: openssh-server-7.4p1-13.el7_4.x86_64
Feb 20 02:21:17 Installed: rsyslog-8.24.0-12.el7.x86_64
Feb 20 02:21:17 Installed: openssh-clients-7.4p1-13.el7_4.x86_64
Feb 20 02:21:17 Installed: policycoreutils-2.5-17.1.el7.x86_64
Feb 20 02:21:17 Installed: passwd-0.79-4.el7.x86_64
Feb 20 02:21:17 Installed: 2:vim-minimal-7.4.160-2.el7.x86_64
Feb 20 02:21:17 Installed: rootfiles-8.1-11.el7.noarch
Feb 20 02:21:24 Erased: openssh-server-7.4p1-13.el7_4.x86_64
Feb 20 11:46:23 Installed: groff-base-1.22.2-8.el7.x86_64
Feb 20 11:46:23 Installed: 1:perl-parent-0.225-244.el7.noarch
Feb 20 11:46:23 Installed: perl-HTTP-Tiny-0.033-3.el7.noarch
Feb 20 11:46:23 Installed: perl-podlators-2.5.1-3.el7.noarch
Feb 20 11:46:23 Installed: perl-Pod-Perldoc-3.20-4.el7.noarch
Feb 20 11:46:23 Installed: 1:perl-Pod-Escapes-1.04-292.el7.noarch
Feb 20 11:46:23 Installed: perl-Text-ParseWords-3.29-4.el7.noarch
Feb 20 11:46:23 Installed: perl-Encode-2.51-7.el7.x86_64
Feb 20 11:46:23 Installed: perl-Pod-Usage-1.63-3.el7.noarch
Feb 20 11:46:23 Installed: 4:perl-macros-5.16.3-292.el7.x86_64
Feb 20 11:46:23 Installed: 4:perl-libs-5.16.3-292.el7.x86_64
Feb 20 11:46:24 Installed: perl-Storable-2.45-3.el7.x86_64
Feb 20 11:46:24 Installed: perl-Exporter-5.68-3.el7.noarch
Feb 20 11:46:24 Installed: perl-constant-1.27-2.el7.noarch
Feb 20 11:46:24 Installed: perl-Time-Local-1.2300-2.el7.noarch
Feb 20 11:46:24 Installed: perl-Socket-2.010-4.el7.x86_64
Feb 20 11:46:24 Installed: perl-Carp-1.26-244.el7.noarch
Feb 20 11:46:24 Installed: perl-PathTools-3.40-5.el7.x86_64
Feb 20 11:46:24 Installed: perl-Scalar-List-Utils-1.27-248.el7.x86_64
Feb 20 11:46:24 Installed: perl-File-Temp-0.23.01-3.el7.noarch
Feb 20 11:46:24 Installed: perl-File-Path-2.09-2.el7.noarch
Feb 20 11:46:24 Installed: perl-threads-shared-1.43-6.el7.x86_64
Feb 20 11:46:24 Installed: perl-threads-1.87-4.el7.x86_64
Feb 20 11:46:24 Installed: 4:perl-Time-HiRes-1.9725-3.el7.x86_64
Feb 20 11:46:24 Installed: perl-Filter-1.49-3.el7.x86_64
Feb 20 11:46:24 Installed: 1:perl-Pod-Simple-3.28-4.el7.noarch
Feb 20 11:46:24 Installed: perl-Getopt-Long-2.40-2.el7.noarch
Feb 20 11:46:25 Installed: 4:perl-5.16.3-292.el7.x86_64
Feb 20 11:46:25 Installed: less-458-9.el7.x86_64
Feb 20 11:46:25 Installed: libpipeline-1.2.3-3.el7.x86_64
Feb 20 11:46:25 Installed: gpm-libs-1.20.7-5.el7.x86_64
Feb 20 11:46:25 Installed: which-2.20-7.el7.x86_64
Feb 20 11:46:25 Installed: 2:vim-filesystem-7.4.160-2.el7.x86_64
Feb 20 11:46:26 Installed: 2:vim-common-7.4.160-2.el7.x86_64
Feb 20 11:46:26 Installed: 2:vim-enhanced-7.4.160-2.el7.x86_64
Feb 20 11:46:26 Installed: man-db-2.6.3-9.el7.x86_64
Feb 20 11:46:26 Installed: sudo-1.8.19p2-11.el7_4.x86_64
Feb 20 11:46:26 Installed: openssh-server-7.4p1-13.el7_4.x86_64
Feb 20 11:46:26 Installed: wget-1.14-15.el7_4.1.x86_64
Apr 30 20:39:35 Installed: pciutils-libs-3.5.1-2.el7.x86_64
Apr 30 20:39:37 Installed: hwdata-0.252-8.6.el7.x86_64
Apr 30 20:39:37 Installed: pciutils-3.5.1-2.el7.x86_64
Apr 30 20:39:37 Installed: zlib-devel-1.2.7-17.el7.x86_64
Apr 30 20:39:38 Installed: pciutils-devel-3.5.1-2.el7.x86_64
May 01 02:29:45 Installed: mpfr-3.1.1-4.el7.x86_64
May 01 02:29:45 Installed: libmpc-1.0.1-3.el7.x86_64
May 01 02:29:47 Installed: cpp-4.8.5-16.el7_4.2.x86_64
May 01 02:29:47 Installed: libgomp-4.8.5-16.el7_4.2.x86_64
May 01 02:29:48 Installed: kernel-headers-3.10.0-693.21.1.el7.x86_64
May 01 02:29:49 Installed: glibc-headers-2.17-196.el7_4.2.x86_64
May 01 02:29:49 Installed: glibc-devel-2.17-196.el7_4.2.x86_64
May 01 02:29:50 Updated: libgcc-4.8.5-16.el7_4.2.x86_64
May 01 02:29:52 Installed: gcc-4.8.5-16.el7_4.2.x86_64
May 01 02:31:12 Installed: lzo-2.06-8.el7.x86_64
May 01 02:31:12 Installed: libarchive-3.1.2-10.el7_2.x86_64
May 01 02:31:15 Installed: cmake-2.8.12.2-2.el7.x86_64
May 01 02:35:02 Installed: 1:make-3.82-23.el7.x86_64
May 01 02:37:48 Installed: ncurses-devel-5.9-14.20130511.el7_4.x86_64
May 01 02:46:16 Installed: m4-1.4.16-10.el7.x86_64
May 01 02:46:17 Installed: bison-3.0.4-1.el7.x86_64
May 01 02:46:17 Installed: bison-runtime-3.0.4-1.el7.x86_64
May 01 02:46:18 Installed: bison-devel-3.0.4-1.el7.x86_64
May 01 02:48:39 Installed: elfutils-0.168-8.el7.x86_64
May 01 02:48:40 Installed: patch-2.7.1-8.el7.x86_64
May 01 02:48:40 Installed: unzip-6.0-16.el7.x86_64
May 01 02:48:41 Installed: dwz-0.11-3.el7.x86_64
May 01 02:48:41 Installed: bzip2-1.0.6-13.el7.x86_64
May 01 02:48:41 Installed: perl-srpm-macros-1-8.el7.noarch
May 01 02:48:42 Installed: zip-3.0-11.el7.x86_64
May 01 02:48:42 Installed: redhat-rpm-config-9.1.0-76.el7.centos.noarch
May 01 02:48:43 Installed: libXau-1.0.8-2.1.el7.x86_64
May 01 02:48:43 Installed: libxcb-1.12-1.el7.x86_64
May 01 02:48:44 Installed: perl-Thread-Queue-3.02-2.el7.noarch
May 01 02:48:44 Installed: file-5.11-33.el7.x86_64
May 01 02:48:45 Installed: gdb-7.6.1-100.el7_4.1.x86_64
May 01 02:48:45 Installed: rpm-build-4.11.3-25.el7.x86_64
May 01 02:48:46 Installed: libX11-common-1.6.5-1.el7.noarch
May 01 02:48:46 Installed: libX11-1.6.5-1.el7.x86_64
May 01 02:48:48 Installed: ocaml-compiler-libs-4.01.0-22.7.el7_2.x86_64
May 01 02:48:48 Installed: ocaml-runtime-4.01.0-22.7.el7_2.x86_64
May 01 02:48:50 Installed: ocaml-4.01.0-22.7.el7_2.x86_64
May 01 02:48:51 Installed: ocaml-curses-1.0.3-18.el7.x86_64
May 01 02:48:51 Installed: ncurses-static-5.9-14.20130511.el7_4.x86_64
May 01 02:54:49 Installed: ncurses-term-5.9-14.20130511.el7_4.noarch
May 01 02:56:41 Installed: libgcc-4.8.5-16.el7_4.2.i686
May 01 02:56:42 Installed: nss-softokn-freebl-3.28.3-8.el7_4.i686
May 01 02:56:43 Installed: glibc-2.17-196.el7_4.2.i686
May 01 02:56:44 Installed: libstdc++-4.8.5-16.el7_4.2.i686
May 01 02:56:44 Updated: libstdc++-4.8.5-16.el7_4.2.x86_64
May 01 02:56:45 Installed: ncurses-libs-5.9-14.20130511.el7_4.i686
May 01 02:56:46 Installed: ncurses-devel-5.9-14.20130511.el7_4.i686
May 01 03:12:51 Installed: flex-2.5.37-3.el7.x86_64
May 01 03:12:51 Installed: flex-devel-2.5.37-3.el7.x86_64
May 01 03:15:48 Installed: e2fsprogs-libs-1.42.9-10.el7.x86_64
May 01 03:15:48 Installed: libcom_err-devel-1.42.9-10.el7.x86_64
May 01 03:15:48 Installed: libss-1.42.9-10.el7.x86_64
May 01 03:15:49 Installed: e2fsprogs-1.42.9-10.el7.x86_64
May 01 03:15:49 Installed: e2fsprogs-devel-1.42.9-10.el7.x86_64
May 01 03:15:50 Installed: e2fsprogs-static-1.42.9-10.el7.x86_64
May 01 03:20:47 Installed: libuuid-devel-2.23.2-43.el7_4.2.x86_64
May 01 03:20:48 Installed: xfsprogs-4.5.0-12.el7.x86_64
May 01 03:20:48 Installed: xfsprogs-devel-4.5.0-12.el7.x86_64
May 01 09:31:49 Installed: libkadm5-1.15.1-8.el7.x86_64
May 01 09:31:50 Installed: libsepol-devel-2.5-6.el7.x86_64
May 01 09:31:50 Installed: keyutils-libs-devel-1.5.8-3.el7.x86_64
May 01 09:31:51 Installed: pcre-devel-8.32-17.el7.x86_64
May 01 09:31:51 Installed: libselinux-devel-2.5-11.el7.x86_64
May 01 09:31:52 Installed: libverto-devel-0.2.5-4.el7.x86_64
May 01 09:31:52 Installed: krb5-devel-1.15.1-8.el7.x86_64
May 01 09:31:53 Installed: 1:openssl-devel-1.0.2k-8.el7.x86_64
May 01 09:31:54 Installed: 1:openssl-static-1.0.2k-8.el7.x86_64
May 01 09:31:54 Installed: openssl098e-0.9.8e-29.el7.centos.3.x86_64
May 01 09:31:55 Installed: 1:openssl-1.0.2k-8.el7.x86_64
May 01 09:33:32 Installed: bc-1.06.95-13.el7.x86_64
May 01 09:35:46 Installed: libssh-0.7.1-3.el7.x86_64
May 01 09:36:57 Installed: 3:mcelog-144-3.94d853b2ea81.el7.x86_64
May 01 09:39:16 Installed: 1:grub2-common-2.02-0.65.el7.centos.2.noarch
May 01 09:39:16 Installed: libcroco-0.6.11-1.el7.x86_64
May 01 09:39:17 Installed: os-prober-1.58-9.el7.x86_64
May 01 09:39:17 Installed: libunistring-0.9.3-9.el7.x86_64
May 01 09:39:18 Installed: gettext-libs-0.19.8.1-2.el7.x86_64
May 01 09:39:19 Installed: gettext-0.19.8.1-2.el7.x86_64
May 01 09:39:19 Installed: 1:grub2-tools-minimal-2.02-0.65.el7.centos.2.x86_64
May 01 09:39:20 Installed: 1:grub2-tools-2.02-0.65.el7.centos.2.x86_64
May 01 09:39:21 Installed: 1:grub2-pc-modules-2.02-0.65.el7.centos.2.noarch
May 01 09:39:22 Installed: freetype-2.4.11-15.el7.x86_64
May 01 09:39:22 Installed: 1:grub2-tools-extra-2.02-0.65.el7.centos.2.x86_64
May 01 09:39:23 Installed: 1:grub2-pc-2.02-0.65.el7.centos.2.x86_64
May 01 09:39:23 Installed: 1:grub2-2.02-0.65.el7.centos.2.x86_64
May 01 09:41:46 Updated: systemd-libs-219-42.el7_4.10.x86_64
May 01 09:41:46 Installed: libgudev1-219-42.el7_4.10.x86_64
May 01 09:41:47 Installed: glib2-devel-2.50.3-3.el7.x86_64
May 01 09:41:47 Installed: libgudev1-devel-219-42.el7_4.10.x86_64
May 01 09:41:50 Updated: systemd-219-42.el7_4.10.x86_64
May 01 09:41:51 Installed: libstoragemgmt-udev-1.4.0-5.el7_4.x86_64
May 01 09:43:15 Installed: oprofile-0.9.9-22.el7.x86_64
May 01 09:43:15 Installed: oprofile-jit-0.9.9-22.el7.x86_64
May 01 09:43:16 Installed: oprofile-devel-0.9.9-22.el7.x86_64
May 01 09:44:41 Installed: libref_array-0.1.5-27.el7.x86_64
May 01 09:44:41 Installed: libcollection-0.6.2-27.el7.x86_64
May 01 09:44:41 Installed: libevent-2.0.21-4.el7.x86_64
May 01 09:44:42 Installed: libbasicobjects-0.1.1-27.el7.x86_64
May 01 09:44:42 Installed: libtirpc-0.2.4-0.10.el7.x86_64
May 01 09:44:42 Installed: libverto-libevent-0.2.5-4.el7.x86_64
May 01 09:44:43 Installed: 1:quota-nls-4.01-14.el7.noarch
May 01 09:44:43 Installed: libpath_utils-0.2.1-27.el7.x86_64
May 01 09:44:44 Installed: libini_config-1.3.0-27.el7.x86_64
May 01 09:44:44 Installed: gssproxy-0.7.0-4.el7.x86_64
May 01 09:44:45 Installed: systemd-sysv-219-42.el7_4.10.x86_64
May 01 09:44:46 Installed: rpcbind-0.2.0-42.el7.x86_64
May 01 09:44:46 Installed: tcp_wrappers-7.6-77.el7.x86_64
May 01 09:44:47 Installed: 1:quota-4.01-14.el7.x86_64
May 01 09:44:47 Installed: keyutils-1.5.8-3.el7.x86_64
May 01 09:44:48 Installed: libnfsidmap-0.25-17.el7.x86_64
May 01 09:44:49 Installed: 1:nfs-utils-1.3.0-0.48.el7_4.2.x86_64
May 01 10:41:21 Installed: 14:libpcap-1.5.3-9.el7.x86_64
May 01 10:41:22 Installed: ppp-2.4.5-33.el7.x86_64
May 01 10:41:22 Installed: ppp-devel-2.4.5-33.el7.x86_64
May 01 11:40:09 Installed: elfutils-libelf-devel-0.168-8.el7.x86_64
May 01 11:40:09 Installed: elfutils-libelf-devel-static-0.168-8.el7.x86_64
May 01 12:21:06 Installed: grubby-8.28-23.el7.x86_64
May 01 12:23:24 Installed: 1:grub2-efi-x64-2.02-0.65.el7.centos.2.x86_64
May 01 16:41:59 Installed: plymouth-core-libs-0.8.9-0.28.20140113.el7.centos.x86_64
May 01 16:42:01 Installed: centos-logos-70.0.6-3.el7.centos.noarch
May 01 16:42:01 Installed: libpciaccess-0.13.4-3.1.el7_4.x86_64
May 01 16:42:02 Installed: libdrm-2.4.74-1.el7.x86_64
May 01 16:42:02 Installed: plymouth-scripts-0.8.9-0.28.20140113.el7.centos.x86_64
May 01 16:42:03 Installed: plymouth-0.8.9-0.28.20140113.el7.centos.x86_64
May 01 16:42:03 Installed: redhat-upgrade-dracut-0.8.10-1.el7.x86_64
May 01 16:42:04 Installed: dracut-tools-033-502.el7_4.1.x86_64
